[20:07:37.891][info] [#0:/Users/bill/.emacs.d/tools/lua-language-server/extension/server/main.lua:51]: Lua Lsp startup, root: 	/Users/bill/.emacs.d/tools/lua-language-server/extension/server
[20:07:37.893][debug][#0:/Users/bill/.emacs.d/tools/lua-language-server/extension/server/main.lua:52]: ROOT:	/Users/bill/.emacs.d/tools/lua-language-server/extension/server
[20:07:37.893][debug][#0:/Users/bill/.emacs.d/tools/lua-language-server/extension/server/main.lua:53]: LOGPATH:	/Users/bill/.emacs.d/tools/lua-language-server/extension/server/log
[20:07:37.893][debug][#0:/Users/bill/.emacs.d/tools/lua-language-server/extension/server/main.lua:54]: METAPATH:	/Users/bill/.emacs.d/tools/lua-language-server/extension/server/meta
[20:07:37.902][info] [#0:script/service/telemetry.lua:20]: Telemetry Token:	6249D48B9EA49FAA
[20:07:37.941][info] [#0:script/pub/pub.lua:48]: Create brave:	1
[20:07:37.941][info] [#0:script/pub/pub.lua:48]: Create brave:	2
[20:07:37.941][info] [#0:script/pub/pub.lua:48]: Create brave:	3
[20:07:37.941][info] [#0:script/pub/pub.lua:48]: Create brave:	4
[20:07:37.941][debug][#0:script/service/service.lua:136]: 
========= Medical Examination Report =========
    --------------- Memory ---------------
        Total: 2.027 MB
        # 00 : 2.027 MB
        # 01 : 0.000 MB
        # 02 : 0.000 MB
        # 03 : 0.000 MB
        # 04 : 0.000 MB
    --------------- Coroutine ---------------
        Total:     0
        Running:   0
        Suspended: 0
        Normal:    0
        Dead:      0
    --------------- Cache ---------------
        Total: 1
        Dead:  0
    --------------- Proto ---------------
        Holdon:   0
        Waiting:  0
==============================================
[20:07:38.044][debug][#0:script/provider/client.lua:32]: Client init	{
    capabilities = {
        textDocument = {
            callHierarchy = {
                dynamicRegistration = false,
            },
            codeAction = {
                codeActionLiteralSupport = {
                    codeActionKind = {
                        valueSet = {
                            [1] = "",
                            [2] = "quickfix",
                            [3] = "refactor",
                            [4] = "refactor.extract",
                            [5] = "refactor.inline",
                            [6] = "refactor.rewrite",
                            [7] = "source",
                            [8] = "source.organizeImports",
                        },
                    },
                },
                dataSupport = true,
                dynamicRegistration = true,
                isPreferredSupport = true,
                resolveSupport = {
                    properties = {
                        [1] = "edit",
                        [2] = "command",
                    },
                },
            },
            completion = {
                completionItem = {
                    deprecatedSupport = true,
                    documentationFormat = {
                        [1] = "markdown",
                        [2] = "plaintext",
                    },
                    insertReplaceSupport = true,
                    insertTextModeSupport = {
                        valueSet = {
                            [1] = 1,
                            [2] = 2,
                        },
                    },
                    resolveAdditionalTextEditsSupport = true,
                    resolveSupport = {
                        properties = {
                            [1] = "documentation",
                            [2] = "details",
                            [3] = "additionalTextEdits",
                            [4] = "command",
                        },
                    },
                    snippetSupport = true,
                },
                contextSupport = true,
            },
            declaration = {
                linkSupport = true,
            },
            definition = {
                linkSupport = true,
            },
            documentLink = {
                dynamicRegistration = true,
                tooltipSupport = true,
            },
            documentSymbol = {
                hierarchicalDocumentSymbolSupport = true,
                symbolKind = {
                    valueSet = {
                        [01] = 1,
                        [02] = 2,
                        [03] = 3,
                        [04] = 4,
                        [05] = 5,
                        [06] = 6,
                        [07] = 7,
                        [08] = 8,
                        [09] = 9,
                        [10] = 10,
                        [11] = 11,
                        [12] = 12,
                        [13] = 13,
                        [14] = 14,
                        [15] = 15,
                        [16] = 16,
                        [17] = 17,
                        [18] = 18,
                        [19] = 19,
                        [20] = 20,
                        [21] = 21,
                        [22] = 22,
                        [23] = 23,
                        [24] = 24,
                        [25] = 25,
                        [26] = 26,
                    },
                },
            },
            foldingRange = {
                dynamicRegistration = true,
            },
            formatting = {
                dynamicRegistration = true,
            },
            hover = {
                contentFormat = {
                    [1] = "markdown",
                    [2] = "plaintext",
                },
            },
            implementation = {
                linkSupport = true,
            },
            linkedEditingRange = {
                dynamicRegistration = true,
            },
            publishDiagnostics = {
                relatedInformation = true,
                tagSupport = {
                    valueSet = {
                        [1] = 1,
                        [2] = 2,
                    },
                },
                versionSupport = true,
            },
            rangeFormatting = {
                dynamicRegistration = true,
            },
            rename = {
                dynamicRegistration = true,
                prepareSupport = true,
            },
            signatureHelp = {
                signatureInformation = {
                    parameterInformation = {
                        labelOffsetSupport = true,
                    },
                },
            },
            synchronization = {
                didSave = true,
                willSave = true,
                willSaveWaitUntil = true,
            },
            typeDefinition = {
                linkSupport = true,
            },
        },
        window = {
            showDocument = {
                support = true,
            },
            workDoneProgress = true,
        },
        workspace = {
            applyEdit = true,
            codeLens = {
                refreshSupport = true,
            },
            configuration = true,
            didChangeWatchedFiles = {
                dynamicRegistration = true,
            },
            executeCommand = {
                dynamicRegistration = false,
            },
            fileOperations = {
                didCreate = false,
                didDelete = false,
                didRename = false,
                willCreate = false,
                willDelete = false,
                willRename = false,
            },
            symbol = {
                symbolKind = {
                    valueSet = {
                        [01] = 1,
                        [02] = 2,
                        [03] = 3,
                        [04] = 4,
                        [05] = 5,
                        [06] = 6,
                        [07] = 7,
                        [08] = 8,
                        [09] = 9,
                        [10] = 10,
                        [11] = 11,
                        [12] = 12,
                        [13] = 13,
                        [14] = 14,
                        [15] = 15,
                        [16] = 16,
                        [17] = 17,
                        [18] = 18,
                        [19] = 19,
                        [20] = 20,
                        [21] = 21,
                        [22] = 22,
                        [23] = 23,
                        [24] = 24,
                        [25] = 25,
                        [26] = 26,
                    },
                },
            },
            workspaceEdit = {
                documentChanges = true,
                resourceOperations = {
                    [1] = "create",
                    [2] = "rename",
                    [3] = "delete",
                },
            },
            workspaceFolders = true,
        },
    },
    clientInfo = {
        name = "emacs",
        version = "GNU Emacs 27.2 (build 1, x86_64-apple-darwin18.7.0, Carbon Version 158 AppKit 1671.6)\
 of 2021-03-28",
    },
    rootPath = "/Users/bill/workspace/openresty/game-smart-gateway/apisix",
    rootUri = "file:///Users/bill/workspace/openresty/game-smart-gateway/apisix",
    workDoneToken = "1",
}
[20:07:38.044][info] [#0:script/language.lua:135]: VSC language: nil
[20:07:38.044][info] [#0:script/language.lua:136]: LS  language: en-us
[20:07:38.061][info] [#0:script/workspace/workspace.lua:31]: Workspace inited: 	file:///Users/bill/workspace/openresty/game-smart-gateway/apisix
[20:07:38.061][info] [#0:script/workspace/workspace.lua:38]: Log path: 	/Users/bill/.emacs.d/tools/lua-language-server/extension/server/log/file_Users_bill_workspace_openresty_game-smart-gateway_apisix.log
